<?xml version="1.0" encoding="UTF-8"?>
<!-- Generated by org.testng.reporters.JUnitReportReporter -->
<testsuite hostname="LTIN217228" failures="0" tests="5" name="TestCases.TC_003_GiftCards" time="133.832" errors="0" timestamp="2024-02-15T12:26:16 IST" skipped="0">
  <testcase classname="TestCases.TC_003_GiftCards" name="searchbookshelves" time="44.377"/>
  <testcase classname="TestCases.TC_003_GiftCards" name="Items" time="15.785"/>
  <testcase classname="TestCases.TC_003_GiftCards" name="ClickGiftCards" time="39.906"/>
  <testcase classname="TestCases.TC_003_GiftCards" name="GetErrorMsg" time="13.198"/>
  <testcase classname="TestCases.TC_003_GiftCards" name="ValidateDetails" time="20.566"/>
</testsuite> <!-- TestCases.TC_003_GiftCards -->
