<?xml version="1.0" encoding="UTF-8"?>
<!-- Generated by org.testng.reporters.JUnitReportReporter -->
<testsuite hostname="LTIN217228" failures="0" tests="5" name="TestCases.TC_003_GiftCards" time="133.857" errors="0" timestamp="2024-02-08T15:30:27 IST" skipped="0">
  <testcase classname="TestCases.TC_003_GiftCards" name="searchbookshelves" time="44.318"/>
  <testcase classname="TestCases.TC_003_GiftCards" name="Items" time="16.100"/>
  <testcase classname="TestCases.TC_003_GiftCards" name="ClickGiftCards" time="40.043"/>
  <testcase classname="TestCases.TC_003_GiftCards" name="GetErrorMsg" time="13.214"/>
  <testcase classname="TestCases.TC_003_GiftCards" name="ValidateDetails" time="20.182"/>
</testsuite> <!-- TestCases.TC_003_GiftCards -->
