<?xml version="1.0" encoding="UTF-8"?>
<!-- Generated by org.testng.reporters.JUnitReportReporter -->
<testsuite hostname="LTIN217228" failures="0" tests="5" name="TestCases.TC_003_GiftCards" time="170.865" errors="0" timestamp="2024-02-15T10:50:54 IST" skipped="0">
  <testcase classname="TestCases.TC_003_GiftCards" name="searchbookshelves" time="47.478"/>
  <testcase classname="TestCases.TC_003_GiftCards" name="Items" time="16.370"/>
  <testcase classname="TestCases.TC_003_GiftCards" name="ClickGiftCards" time="73.121"/>
  <testcase classname="TestCases.TC_003_GiftCards" name="GetErrorMsg" time="13.332"/>
  <testcase classname="TestCases.TC_003_GiftCards" name="ValidateDetails" time="20.564"/>
</testsuite> <!-- TestCases.TC_003_GiftCards -->
