<?xml version="1.0" encoding="UTF-8"?>
<!-- Generated by org.testng.reporters.JUnitReportReporter -->
<testsuite hostname="LTIN217228" failures="0" tests="5" name="TestCases.TC_003_GiftCards" time="134.407" errors="0" timestamp="2024-02-08T16:25:12 IST" skipped="0">
  <testcase classname="TestCases.TC_003_GiftCards" name="searchbookshelves" time="44.713"/>
  <testcase classname="TestCases.TC_003_GiftCards" name="Items" time="15.853"/>
  <testcase classname="TestCases.TC_003_GiftCards" name="ClickGiftCards" time="40.507"/>
  <testcase classname="TestCases.TC_003_GiftCards" name="GetErrorMsg" time="13.199"/>
  <testcase classname="TestCases.TC_003_GiftCards" name="ValidateDetails" time="20.135"/>
</testsuite> <!-- TestCases.TC_003_GiftCards -->
